[ 2014-06-10T01:21:51+08:00 ] ERR: (ThinkException) 无法加载模块:favicon
[ 2014-06-10T01:21:54+08:00 ] 192.168.56.1 /
NOTIC: [2] ob_start(): function 'ob_gzhandler' not found or invalid function name /opt/ThinkPHP/Lib/Core/App.class.php 第 49 行.
NOTIC: [8] ob_start(): failed to create buffer /opt/ThinkPHP/Lib/Core/App.class.php 第 49 行.
INFO: [ app_begin ] --START--
INFO: Run ReadHtmlCache Behavior [ RunTime:0.000508s ]
INFO: [ app_begin ] --END-- [ RunTime:0.000642s ]
NOTIC: [2] The magic method __get() must have public visibility and cannot be static /opt/webroot/Lib/LibHM/HashMap.class.php 第 214 行.
NOTIC: [2] The magic method __set() must have public visibility and cannot be static /opt/webroot/Lib/LibHM/HashMap.class.php 第 218 行.
NOTIC: [8] Undefined index: _URL_ /opt/ThinkPHP/Lib/Core/Action.class.php 第 258 行.
NOTIC: [2] array_merge(): Argument #2 is not an array /opt/ThinkPHP/Lib/Core/Action.class.php 第 259 行.
SQL: SELECT r.rtid,u.username,u.picture as upicture,u.descp,c.name,c.courseid,c.picture,c.assesslevel,c.visitnums,c.price,c.cheapprice,c.categoryid,c.classfile,c.createtime FROM recommends r,courses c,courseauthormap cmap,users u WHERE (  r.courseid = c.courseid AND cmap.userid = u.userid AND cmap.courseid = c.courseid AND c.releases=1 AND cmap.admin =1 AND r.rtid like "%11%" ) GROUP BY c.courseid ORDER BY c.createtime desc  [ RunTime:0.000445s ]
SQL: SELECT u.username,u.picture as upicture,u.descp,c.name,c.courseid,c.picture,c.assesslevel,c.visitnums,c.price,c.cheapprice,c.categoryid,c.classfile,c.createtime FROM courses c,courseauthormap cmap,users u WHERE ( cmap.userid = u.userid AND cmap.courseid = c.courseid AND c.releases=1 AND cmap.admin =1 ) GROUP BY c.courseid ORDER BY c.createtime desc  [ RunTime:0.000766s ]
INFO: [ view_template ] --START--
INFO: Run LocationTemplate Behavior [ RunTime:0.000402s ]
INFO: [ view_template ] --END-- [ RunTime:0.000472s ]
INFO: [ view_parse ] --START--
NOTIC: [8] Undefined variable: hotlist /opt/webroot/Runtime/Cache/2b2d9e3be2251420f27f734b08ef13e6.php 第 109 行.
NOTIC: [8] Undefined variable: categorylist /opt/webroot/Runtime/Cache/2b2d9e3be2251420f27f734b08ef13e6.php 第 163 行.
NOTIC: [8] Undefined variable: expertslist /opt/webroot/Runtime/Cache/2b2d9e3be2251420f27f734b08ef13e6.php 第 176 行.
INFO: Run ParseTemplate Behavior [ RunTime:0.024035s ]
INFO: [ view_parse ] --END-- [ RunTime:0.024132s ]
INFO: [ view_filter ] --START--
INFO: Run ContentReplace Behavior [ RunTime:0.000396s ]
INFO: Run TokenBuild Behavior [ RunTime:0.000298s ]
INFO: Run WriteHtmlCache Behavior [ RunTime:0.000143s ]
INFO: Run ShowRuntime Behavior [ RunTime:0.000382s ]
INFO: [ view_filter ] --END-- [ RunTime:0.001543s ]
INFO: [ view_end ] --START--
INFO: Run ShowPageTrace Behavior [ RunTime:0.000500s ]
INFO: [ view_end ] --END-- [ RunTime:0.000557s ]

[ 2014-06-10T01:21:54+08:00 ] ERR: (ThinkException) 无法加载模块:favicon
[ 2014-06-10T01:21:58+08:00 ] 192.168.56.1 /Divboot/
INFO: [ route_check ] --START--
INFO: Run CheckRoute Behavior [ RunTime:0.000691s ]
INFO: [ route_check ] --END-- [ RunTime:0.000834s ]
NOTIC: [2] ob_start(): function 'ob_gzhandler' not found or invalid function name /opt/ThinkPHP/Lib/Core/App.class.php 第 49 行.
NOTIC: [8] ob_start(): failed to create buffer /opt/ThinkPHP/Lib/Core/App.class.php 第 49 行.
INFO: [ app_begin ] --START--
INFO: Run ReadHtmlCache Behavior [ RunTime:0.000431s ]
INFO: [ app_begin ] --END-- [ RunTime:0.000485s ]
SQL: DESCRIBE test [ RunTime:0.000655s ]
SQL: SELECT * FROM `test` WHERE ( id=12 ) LIMIT 1   [ RunTime:0.000585s ]
INFO: [ view_template ] --START--
INFO: Run LocationTemplate Behavior [ RunTime:0.000331s ]
INFO: [ view_template ] --END-- [ RunTime:0.000388s ]
INFO: [ view_parse ] --START--
INFO: Run ParseTemplate Behavior [ RunTime:0.041314s ]
INFO: [ view_parse ] --END-- [ RunTime:0.041748s ]
INFO: [ view_filter ] --START--
INFO: Run ContentReplace Behavior [ RunTime:0.001089s ]
INFO: Run TokenBuild Behavior [ RunTime:0.000625s ]
INFO: Run WriteHtmlCache Behavior [ RunTime:0.000254s ]
INFO: Run ShowRuntime Behavior [ RunTime:0.000810s ]
INFO: [ view_filter ] --END-- [ RunTime:0.003129s ]
INFO: [ view_end ] --START--
INFO: Run ShowPageTrace Behavior [ RunTime:0.000584s ]
INFO: [ view_end ] --END-- [ RunTime:0.000680s ]

[ 2014-06-10T01:21:59+08:00 ] ERR: (ThinkException) 无法加载模块:images
[ 2014-06-10T01:21:59+08:00 ] ERR: (ThinkException) 无法加载模块:images
[ 2014-06-10T01:21:59+08:00 ] ERR: (ThinkException) 非法操作:Bootstrap%e5%8f%af%e8%a7%86%e5%8c%96%e5%b8%83%e5%b1%80%e7%b3%bb%e7%bb%9f_files
[ 2014-06-10T01:21:59+08:00 ] 192.168.56.1 /Divboot/Bootstrap%E5%8F%AF%E8%A7%86%E5%8C%96%E5%B8%83%E5%B1%80%E7%B3%BB%E7%BB%9F_files/city.jpg
INFO: [ route_check ] --START--
INFO: Run CheckRoute Behavior [ RunTime:0.009437s ]
INFO: [ route_check ] --END-- [ RunTime:0.009575s ]
NOTIC: [2] ob_start(): function 'ob_gzhandler' not found or invalid function name /opt/ThinkPHP/Lib/Core/App.class.php 第 49 行.
NOTIC: [8] ob_start(): failed to create buffer /opt/ThinkPHP/Lib/Core/App.class.php 第 49 行.
INFO: [ app_begin ] --START--
INFO: Run ReadHtmlCache Behavior [ RunTime:0.000478s ]
INFO: [ app_begin ] --END-- [ RunTime:0.000536s ]
NOTIC: [8] Undefined index: class /opt/ThinkPHP/Lib/Core/ThinkException.class.php 第 63 行.
NOTIC: [8] Undefined index: type /opt/ThinkPHP/Lib/Core/ThinkException.class.php 第 63 行.
NOTIC: [8] Undefined index: file /opt/ThinkPHP/Lib/Core/ThinkException.class.php 第 62 行.
NOTIC: [8] Undefined index: line /opt/ThinkPHP/Lib/Core/ThinkException.class.php 第 62 行.
NOTIC: [4096] Object of class DivbootAction could not be converted to string /opt/ThinkPHP/Lib/Core/ThinkException.class.php 第 64 行.
NOTIC: [8] Array to string conversion /opt/ThinkPHP/Lib/Core/ThinkException.class.php 第 64 行.
NOTIC: [8] Undefined index: class /opt/ThinkPHP/Lib/Core/ThinkException.class.php 第 63 行.
NOTIC: [8] Undefined index: type /opt/ThinkPHP/Lib/Core/ThinkException.class.php 第 63 行.
NOTIC: [8] Undefined index: class /opt/ThinkPHP/Lib/Core/ThinkException.class.php 第 63 行.
NOTIC: [8] Undefined index: type /opt/ThinkPHP/Lib/Core/ThinkException.class.php 第 63 行.

[ 2014-06-10T01:21:59+08:00 ] ERR: (ThinkException) 非法操作:Bootstrap%e5%8f%af%e8%a7%86%e5%8c%96%e5%b8%83%e5%b1%80%e7%b3%bb%e7%bb%9f_files
[ 2014-06-10T01:21:59+08:00 ] 192.168.56.1 /Divboot/Bootstrap%E5%8F%AF%E8%A7%86%E5%8C%96%E5%B8%83%E5%B1%80%E7%B3%BB%E7%BB%9F_files/a_002.jpg
INFO: [ route_check ] --START--
INFO: Run CheckRoute Behavior [ RunTime:0.010619s ]
INFO: [ route_check ] --END-- [ RunTime:0.011165s ]
NOTIC: [2] ob_start(): function 'ob_gzhandler' not found or invalid function name /opt/ThinkPHP/Lib/Core/App.class.php 第 49 行.
NOTIC: [8] ob_start(): failed to create buffer /opt/ThinkPHP/Lib/Core/App.class.php 第 49 行.
INFO: [ app_begin ] --START--
INFO: Run ReadHtmlCache Behavior [ RunTime:0.000586s ]
INFO: [ app_begin ] --END-- [ RunTime:0.000688s ]
NOTIC: [8] Undefined index: class /opt/ThinkPHP/Lib/Core/ThinkException.class.php 第 63 行.
NOTIC: [8] Undefined index: type /opt/ThinkPHP/Lib/Core/ThinkException.class.php 第 63 行.
NOTIC: [8] Undefined index: file /opt/ThinkPHP/Lib/Core/ThinkException.class.php 第 62 行.
NOTIC: [8] Undefined index: line /opt/ThinkPHP/Lib/Core/ThinkException.class.php 第 62 行.
NOTIC: [4096] Object of class DivbootAction could not be converted to string /opt/ThinkPHP/Lib/Core/ThinkException.class.php 第 64 行.
NOTIC: [8] Array to string conversion /opt/ThinkPHP/Lib/Core/ThinkException.class.php 第 64 行.
NOTIC: [8] Undefined index: class /opt/ThinkPHP/Lib/Core/ThinkException.class.php 第 63 行.
NOTIC: [8] Undefined index: type /opt/ThinkPHP/Lib/Core/ThinkException.class.php 第 63 行.
NOTIC: [8] Undefined index: class /opt/ThinkPHP/Lib/Core/ThinkException.class.php 第 63 行.
NOTIC: [8] Undefined index: type /opt/ThinkPHP/Lib/Core/ThinkException.class.php 第 63 行.

[ 2014-06-10T01:21:59+08:00 ] ERR: (ThinkException) 非法操作:Bootstrap%e5%8f%af%e8%a7%86%e5%8c%96%e5%b8%83%e5%b1%80%e7%b3%bb%e7%bb%9f_files
[ 2014-06-10T01:21:59+08:00 ] 192.168.56.1 /Divboot/Bootstrap%E5%8F%AF%E8%A7%86%E5%8C%96%E5%B8%83%E5%B1%80%E7%B3%BB%E7%BB%9F_files/sports.jpg
INFO: [ route_check ] --START--
INFO: Run CheckRoute Behavior [ RunTime:0.001729s ]
INFO: [ route_check ] --END-- [ RunTime:0.001970s ]
NOTIC: [2] ob_start(): function 'ob_gzhandler' not found or invalid function name /opt/ThinkPHP/Lib/Core/App.class.php 第 49 行.
NOTIC: [8] ob_start(): failed to create buffer /opt/ThinkPHP/Lib/Core/App.class.php 第 49 行.
INFO: [ app_begin ] --START--
INFO: Run ReadHtmlCache Behavior [ RunTime:0.000507s ]
INFO: [ app_begin ] --END-- [ RunTime:0.000576s ]
NOTIC: [8] Undefined index: class /opt/ThinkPHP/Lib/Core/ThinkException.class.php 第 63 行.
NOTIC: [8] Undefined index: type /opt/ThinkPHP/Lib/Core/ThinkException.class.php 第 63 行.
NOTIC: [8] Undefined index: file /opt/ThinkPHP/Lib/Core/ThinkException.class.php 第 62 行.
NOTIC: [8] Undefined index: line /opt/ThinkPHP/Lib/Core/ThinkException.class.php 第 62 行.
NOTIC: [4096] Object of class DivbootAction could not be converted to string /opt/ThinkPHP/Lib/Core/ThinkException.class.php 第 64 行.
NOTIC: [8] Array to string conversion /opt/ThinkPHP/Lib/Core/ThinkException.class.php 第 64 行.
NOTIC: [8] Undefined index: class /opt/ThinkPHP/Lib/Core/ThinkException.class.php 第 63 行.
NOTIC: [8] Undefined index: type /opt/ThinkPHP/Lib/Core/ThinkException.class.php 第 63 行.
NOTIC: [8] Undefined index: class /opt/ThinkPHP/Lib/Core/ThinkException.class.php 第 63 行.
NOTIC: [8] Undefined index: type /opt/ThinkPHP/Lib/Core/ThinkException.class.php 第 63 行.

[ 2014-06-10T01:21:59+08:00 ] ERR: (ThinkException) 无法加载模块:images
[ 2014-06-10T01:21:59+08:00 ] ERR: (ThinkException) 非法操作:css
[ 2014-06-10T01:21:59+08:00 ] 192.168.56.1 /Divboot/css/bootstrap-combined.min.css
INFO: [ route_check ] --START--
INFO: Run CheckRoute Behavior [ RunTime:0.000750s ]
INFO: [ route_check ] --END-- [ RunTime:0.000927s ]
NOTIC: [2] ob_start(): function 'ob_gzhandler' not found or invalid function name /opt/ThinkPHP/Lib/Core/App.class.php 第 49 行.
NOTIC: [8] ob_start(): failed to create buffer /opt/ThinkPHP/Lib/Core/App.class.php 第 49 行.
INFO: [ app_begin ] --START--
INFO: Run ReadHtmlCache Behavior [ RunTime:0.000626s ]
INFO: [ app_begin ] --END-- [ RunTime:0.000730s ]
NOTIC: [8] Undefined index: class /opt/ThinkPHP/Lib/Core/ThinkException.class.php 第 63 行.
NOTIC: [8] Undefined index: type /opt/ThinkPHP/Lib/Core/ThinkException.class.php 第 63 行.
NOTIC: [8] Undefined index: file /opt/ThinkPHP/Lib/Core/ThinkException.class.php 第 62 行.
NOTIC: [8] Undefined index: line /opt/ThinkPHP/Lib/Core/ThinkException.class.php 第 62 行.
NOTIC: [4096] Object of class DivbootAction could not be converted to string /opt/ThinkPHP/Lib/Core/ThinkException.class.php 第 64 行.
NOTIC: [8] Array to string conversion /opt/ThinkPHP/Lib/Core/ThinkException.class.php 第 64 行.
NOTIC: [8] Undefined index: class /opt/ThinkPHP/Lib/Core/ThinkException.class.php 第 63 行.
NOTIC: [8] Undefined index: type /opt/ThinkPHP/Lib/Core/ThinkException.class.php 第 63 行.
NOTIC: [8] Undefined index: class /opt/ThinkPHP/Lib/Core/ThinkException.class.php 第 63 行.
NOTIC: [8] Undefined index: type /opt/ThinkPHP/Lib/Core/ThinkException.class.php 第 63 行.

[ 2014-06-10T01:22:31+08:00 ] 192.168.56.1 /Divboot/savehtml
INFO: [ route_check ] --START--
INFO: Run CheckRoute Behavior [ RunTime:0.001003s ]
INFO: [ route_check ] --END-- [ RunTime:0.001455s ]
NOTIC: [2] ob_start(): function 'ob_gzhandler' not found or invalid function name /opt/ThinkPHP/Lib/Core/App.class.php 第 49 行.
NOTIC: [8] ob_start(): failed to create buffer /opt/ThinkPHP/Lib/Core/App.class.php 第 49 行.
INFO: [ app_begin ] --START--
INFO: Run ReadHtmlCache Behavior [ RunTime:0.000541s ]
INFO: [ app_begin ] --END-- [ RunTime:0.000714s ]
SQL: DESCRIBE test [ RunTime:0.001121s ]
SQL: UPDATE `test` SET `html`='' WHERE ( id=12 ) [ RunTime:0.000767s ]
INFO: [ view_template ] --START--
INFO: Run LocationTemplate Behavior [ RunTime:0.000427s ]
INFO: [ view_template ] --END-- [ RunTime:0.000544s ]
INFO: [ view_parse ] --START--
NOTIC: [8] Undefined variable: test /opt/webroot/Runtime/Cache/c5b3d09bad9e1457859349cee4aa5d8b.php 第 796 行.
INFO: Run ParseTemplate Behavior [ RunTime:0.051209s ]
INFO: [ view_parse ] --END-- [ RunTime:0.051272s ]
INFO: [ view_filter ] --START--
INFO: Run ContentReplace Behavior [ RunTime:0.000826s ]
INFO: Run TokenBuild Behavior [ RunTime:0.000553s ]
INFO: Run WriteHtmlCache Behavior [ RunTime:0.001134s ]
INFO: Run ShowRuntime Behavior [ RunTime:0.000726s ]
INFO: [ view_filter ] --END-- [ RunTime:0.003687s ]
INFO: [ view_end ] --START--
INFO: Run ShowPageTrace Behavior [ RunTime:0.000566s ]
INFO: [ view_end ] --END-- [ RunTime:0.000654s ]

[ 2014-06-10T01:22:36+08:00 ] 192.168.56.1 /Divboot/
INFO: [ route_check ] --START--
INFO: Run CheckRoute Behavior [ RunTime:0.002001s ]
INFO: [ route_check ] --END-- [ RunTime:0.002561s ]
NOTIC: [2] ob_start(): function 'ob_gzhandler' not found or invalid function name /opt/ThinkPHP/Lib/Core/App.class.php 第 49 行.
NOTIC: [8] ob_start(): failed to create buffer /opt/ThinkPHP/Lib/Core/App.class.php 第 49 行.
INFO: [ app_begin ] --START--
INFO: Run ReadHtmlCache Behavior [ RunTime:0.001097s ]
INFO: [ app_begin ] --END-- [ RunTime:0.001206s ]
SQL: DESCRIBE test [ RunTime:0.000854s ]
SQL: SELECT * FROM `test` WHERE ( id=12 ) LIMIT 1   [ RunTime:0.000749s ]
INFO: [ view_template ] --START--
INFO: Run LocationTemplate Behavior [ RunTime:0.000434s ]
INFO: [ view_template ] --END-- [ RunTime:0.000502s ]
INFO: [ view_parse ] --START--
INFO: Run ParseTemplate Behavior [ RunTime:0.044197s ]
INFO: [ view_parse ] --END-- [ RunTime:0.044351s ]
INFO: [ view_filter ] --START--
INFO: Run ContentReplace Behavior [ RunTime:0.000874s ]
INFO: Run TokenBuild Behavior [ RunTime:0.001715s ]
INFO: Run WriteHtmlCache Behavior [ RunTime:0.000601s ]
INFO: Run ShowRuntime Behavior [ RunTime:0.000469s ]
INFO: [ view_filter ] --END-- [ RunTime:0.004103s ]
INFO: [ view_end ] --START--
INFO: Run ShowPageTrace Behavior [ RunTime:0.000619s ]
INFO: [ view_end ] --END-- [ RunTime:0.000880s ]

[ 2014-06-10T01:22:37+08:00 ] ERR: (ThinkException) 非法操作:Bootstrap%e5%8f%af%e8%a7%86%e5%8c%96%e5%b8%83%e5%b1%80%e7%b3%bb%e7%bb%9f_files
[ 2014-06-10T01:22:37+08:00 ] 192.168.56.1 /Divboot/Bootstrap%E5%8F%AF%E8%A7%86%E5%8C%96%E5%B8%83%E5%B1%80%E7%B3%BB%E7%BB%9F_files/a_002.jpg
INFO: [ route_check ] --START--
INFO: Run CheckRoute Behavior [ RunTime:0.000832s ]
INFO: [ route_check ] --END-- [ RunTime:0.000931s ]
NOTIC: [2] ob_start(): function 'ob_gzhandler' not found or invalid function name /opt/ThinkPHP/Lib/Core/App.class.php 第 49 行.
NOTIC: [8] ob_start(): failed to create buffer /opt/ThinkPHP/Lib/Core/App.class.php 第 49 行.
INFO: [ app_begin ] --START--
INFO: Run ReadHtmlCache Behavior [ RunTime:0.001003s ]
INFO: [ app_begin ] --END-- [ RunTime:0.001124s ]
NOTIC: [8] Undefined index: class /opt/ThinkPHP/Lib/Core/ThinkException.class.php 第 63 行.
NOTIC: [8] Undefined index: type /opt/ThinkPHP/Lib/Core/ThinkException.class.php 第 63 行.
NOTIC: [8] Undefined index: file /opt/ThinkPHP/Lib/Core/ThinkException.class.php 第 62 行.
NOTIC: [8] Undefined index: line /opt/ThinkPHP/Lib/Core/ThinkException.class.php 第 62 行.
NOTIC: [4096] Object of class DivbootAction could not be converted to string /opt/ThinkPHP/Lib/Core/ThinkException.class.php 第 64 行.
NOTIC: [8] Array to string conversion /opt/ThinkPHP/Lib/Core/ThinkException.class.php 第 64 行.
NOTIC: [8] Undefined index: class /opt/ThinkPHP/Lib/Core/ThinkException.class.php 第 63 行.
NOTIC: [8] Undefined index: type /opt/ThinkPHP/Lib/Core/ThinkException.class.php 第 63 行.
NOTIC: [8] Undefined index: class /opt/ThinkPHP/Lib/Core/ThinkException.class.php 第 63 行.
NOTIC: [8] Undefined index: type /opt/ThinkPHP/Lib/Core/ThinkException.class.php 第 63 行.

[ 2014-06-10T01:22:37+08:00 ] ERR: (ThinkException) 无法加载模块:images
[ 2014-06-10T01:22:37+08:00 ] ERR: (ThinkException) 非法操作:css
[ 2014-06-10T01:22:37+08:00 ] 192.168.56.1 /Divboot/css/bootstrap-combined.min.css
INFO: [ route_check ] --START--
INFO: Run CheckRoute Behavior [ RunTime:0.001016s ]
INFO: [ route_check ] --END-- [ RunTime:0.001218s ]
NOTIC: [2] ob_start(): function 'ob_gzhandler' not found or invalid function name /opt/ThinkPHP/Lib/Core/App.class.php 第 49 行.
NOTIC: [8] ob_start(): failed to create buffer /opt/ThinkPHP/Lib/Core/App.class.php 第 49 行.
INFO: [ app_begin ] --START--
INFO: Run ReadHtmlCache Behavior [ RunTime:0.000561s ]
INFO: [ app_begin ] --END-- [ RunTime:0.000647s ]
NOTIC: [8] Undefined index: class /opt/ThinkPHP/Lib/Core/ThinkException.class.php 第 63 行.
NOTIC: [8] Undefined index: type /opt/ThinkPHP/Lib/Core/ThinkException.class.php 第 63 行.
NOTIC: [8] Undefined index: file /opt/ThinkPHP/Lib/Core/ThinkException.class.php 第 62 行.
NOTIC: [8] Undefined index: line /opt/ThinkPHP/Lib/Core/ThinkException.class.php 第 62 行.
NOTIC: [4096] Object of class DivbootAction could not be converted to string /opt/ThinkPHP/Lib/Core/ThinkException.class.php 第 64 行.
NOTIC: [8] Array to string conversion /opt/ThinkPHP/Lib/Core/ThinkException.class.php 第 64 行.
NOTIC: [8] Undefined index: class /opt/ThinkPHP/Lib/Core/ThinkException.class.php 第 63 行.
NOTIC: [8] Undefined index: type /opt/ThinkPHP/Lib/Core/ThinkException.class.php 第 63 行.
NOTIC: [8] Undefined index: class /opt/ThinkPHP/Lib/Core/ThinkException.class.php 第 63 行.
NOTIC: [8] Undefined index: type /opt/ThinkPHP/Lib/Core/ThinkException.class.php 第 63 行.

[ 2014-06-10T01:22:42+08:00 ] 192.168.56.1 /Divboot/savehtml
INFO: [ route_check ] --START--
INFO: Run CheckRoute Behavior [ RunTime:0.000615s ]
INFO: [ route_check ] --END-- [ RunTime:0.000703s ]
NOTIC: [2] ob_start(): function 'ob_gzhandler' not found or invalid function name /opt/ThinkPHP/Lib/Core/App.class.php 第 49 行.
NOTIC: [8] ob_start(): failed to create buffer /opt/ThinkPHP/Lib/Core/App.class.php 第 49 行.
INFO: [ app_begin ] --START--
INFO: Run ReadHtmlCache Behavior [ RunTime:0.000431s ]
INFO: [ app_begin ] --END-- [ RunTime:0.000485s ]
SQL: DESCRIBE test [ RunTime:0.000678s ]
SQL: UPDATE `test` SET `html`='
			    	
                &lt;div class=&quot;container-fluid&quot;&gt;
								&lt;/div&gt;

		&lt;div class=&quot;lyrow ui-draggable&quot; style=&quot;display: block; &quot;&gt; &lt;a href=&quot;#close&quot; class=&quot;remove label label-important&quot;&gt;&lt;i class=&quot;icon-remove icon-white&quot;&gt;&lt;/i&gt;删除&lt;/a&gt; &lt;span class=&quot;drag label&quot;&gt;&lt;i class=&quot;icon-move&quot;&gt;&lt;/i&gt;拖动&lt;/span&gt;
              &lt;div class=&quot;preview&quot;&gt;
                &lt;input value=&quot;6 6&quot; type=&quot;text&quot;&gt;
              &lt;/div&gt;
              &lt;div class=&quot;view&quot;&gt;
                &lt;div class=&quot;row-fluid clearfix&quot;&gt;
                  &lt;div class=&quot;span6 column ui-sortable&quot;&gt;&lt;/div&gt;
                  &lt;div class=&quot;span6 column ui-sortable&quot;&gt;&lt;/div&gt;
                &lt;/div&gt;
              &lt;/div&gt;
            &lt;/div&gt;' WHERE ( id=12 ) [ RunTime:0.000858s ]
INFO: [ view_template ] --START--
INFO: Run LocationTemplate Behavior [ RunTime:0.000373s ]
INFO: [ view_template ] --END-- [ RunTime:0.000436s ]
INFO: [ view_parse ] --START--
NOTIC: [8] Undefined variable: test /opt/webroot/Runtime/Cache/c5b3d09bad9e1457859349cee4aa5d8b.php 第 796 行.
INFO: Run ParseTemplate Behavior [ RunTime:0.040941s ]
INFO: [ view_parse ] --END-- [ RunTime:0.041038s ]
INFO: [ view_filter ] --START--
INFO: Run ContentReplace Behavior [ RunTime:0.000876s ]
INFO: Run TokenBuild Behavior [ RunTime:0.000477s ]
INFO: Run WriteHtmlCache Behavior [ RunTime:0.000243s ]
INFO: Run ShowRuntime Behavior [ RunTime:0.000452s ]
INFO: [ view_filter ] --END-- [ RunTime:0.002285s ]
INFO: [ view_end ] --START--
INFO: Run ShowPageTrace Behavior [ RunTime:0.000585s ]
INFO: [ view_end ] --END-- [ RunTime:0.000684s ]

[ 2014-06-10T01:22:44+08:00 ] 192.168.56.1 /Divboot/
INFO: [ route_check ] --START--
INFO: Run CheckRoute Behavior [ RunTime:0.001037s ]
INFO: [ route_check ] --END-- [ RunTime:0.001152s ]
NOTIC: [2] ob_start(): function 'ob_gzhandler' not found or invalid function name /opt/ThinkPHP/Lib/Core/App.class.php 第 49 行.
NOTIC: [8] ob_start(): failed to create buffer /opt/ThinkPHP/Lib/Core/App.class.php 第 49 行.
INFO: [ app_begin ] --START--
INFO: Run ReadHtmlCache Behavior [ RunTime:0.000365s ]
INFO: [ app_begin ] --END-- [ RunTime:0.000959s ]
SQL: DESCRIBE test [ RunTime:0.001432s ]
SQL: SELECT * FROM `test` WHERE ( id=12 ) LIMIT 1   [ RunTime:0.000664s ]
INFO: [ view_template ] --START--
INFO: Run LocationTemplate Behavior [ RunTime:0.000323s ]
INFO: [ view_template ] --END-- [ RunTime:0.000379s ]
INFO: [ view_parse ] --START--
INFO: Run ParseTemplate Behavior [ RunTime:0.042038s ]
INFO: [ view_parse ] --END-- [ RunTime:0.042126s ]
INFO: [ view_filter ] --START--
INFO: Run ContentReplace Behavior [ RunTime:0.001295s ]
INFO: Run TokenBuild Behavior [ RunTime:0.000446s ]
INFO: Run WriteHtmlCache Behavior [ RunTime:0.000223s ]
INFO: Run ShowRuntime Behavior [ RunTime:0.000470s ]
INFO: [ view_filter ] --END-- [ RunTime:0.002749s ]
INFO: [ view_end ] --START--
INFO: Run ShowPageTrace Behavior [ RunTime:0.000617s ]
INFO: [ view_end ] --END-- [ RunTime:0.000809s ]

[ 2014-06-10T01:22:44+08:00 ] ERR: (ThinkException) 非法操作:Bootstrap%e5%8f%af%e8%a7%86%e5%8c%96%e5%b8%83%e5%b1%80%e7%b3%bb%e7%bb%9f_files
[ 2014-06-10T01:22:44+08:00 ] 192.168.56.1 /Divboot/Bootstrap%E5%8F%AF%E8%A7%86%E5%8C%96%E5%B8%83%E5%B1%80%E7%B3%BB%E7%BB%9F_files/a_002.jpg
INFO: [ route_check ] --START--
INFO: Run CheckRoute Behavior [ RunTime:0.001395s ]
INFO: [ route_check ] --END-- [ RunTime:0.001520s ]
NOTIC: [2] ob_start(): function 'ob_gzhandler' not found or invalid function name /opt/ThinkPHP/Lib/Core/App.class.php 第 49 行.
NOTIC: [8] ob_start(): failed to create buffer /opt/ThinkPHP/Lib/Core/App.class.php 第 49 行.
INFO: [ app_begin ] --START--
INFO: Run ReadHtmlCache Behavior [ RunTime:0.000478s ]
INFO: [ app_begin ] --END-- [ RunTime:0.000534s ]
NOTIC: [8] Undefined index: class /opt/ThinkPHP/Lib/Core/ThinkException.class.php 第 63 行.
NOTIC: [8] Undefined index: type /opt/ThinkPHP/Lib/Core/ThinkException.class.php 第 63 行.
NOTIC: [8] Undefined index: file /opt/ThinkPHP/Lib/Core/ThinkException.class.php 第 62 行.
NOTIC: [8] Undefined index: line /opt/ThinkPHP/Lib/Core/ThinkException.class.php 第 62 行.
NOTIC: [4096] Object of class DivbootAction could not be converted to string /opt/ThinkPHP/Lib/Core/ThinkException.class.php 第 64 行.
NOTIC: [8] Array to string conversion /opt/ThinkPHP/Lib/Core/ThinkException.class.php 第 64 行.
NOTIC: [8] Undefined index: class /opt/ThinkPHP/Lib/Core/ThinkException.class.php 第 63 行.
NOTIC: [8] Undefined index: type /opt/ThinkPHP/Lib/Core/ThinkException.class.php 第 63 行.
NOTIC: [8] Undefined index: class /opt/ThinkPHP/Lib/Core/ThinkException.class.php 第 63 行.
NOTIC: [8] Undefined index: type /opt/ThinkPHP/Lib/Core/ThinkException.class.php 第 63 行.

[ 2014-06-10T01:22:45+08:00 ] ERR: (ThinkException) 无法加载模块:images
[ 2014-06-10T01:22:45+08:00 ] ERR: (ThinkException) 非法操作:css
[ 2014-06-10T01:22:45+08:00 ] 192.168.56.1 /Divboot/css/bootstrap-combined.min.css
INFO: [ route_check ] --START--
INFO: Run CheckRoute Behavior [ RunTime:0.000901s ]
INFO: [ route_check ] --END-- [ RunTime:0.001170s ]
NOTIC: [2] ob_start(): function 'ob_gzhandler' not found or invalid function name /opt/ThinkPHP/Lib/Core/App.class.php 第 49 行.
NOTIC: [8] ob_start(): failed to create buffer /opt/ThinkPHP/Lib/Core/App.class.php 第 49 行.
INFO: [ app_begin ] --START--
INFO: Run ReadHtmlCache Behavior [ RunTime:0.000695s ]
INFO: [ app_begin ] --END-- [ RunTime:0.000834s ]
NOTIC: [8] Undefined index: class /opt/ThinkPHP/Lib/Core/ThinkException.class.php 第 63 行.
NOTIC: [8] Undefined index: type /opt/ThinkPHP/Lib/Core/ThinkException.class.php 第 63 行.
NOTIC: [8] Undefined index: file /opt/ThinkPHP/Lib/Core/ThinkException.class.php 第 62 行.
NOTIC: [8] Undefined index: line /opt/ThinkPHP/Lib/Core/ThinkException.class.php 第 62 行.
NOTIC: [4096] Object of class DivbootAction could not be converted to string /opt/ThinkPHP/Lib/Core/ThinkException.class.php 第 64 行.
NOTIC: [8] Array to string conversion /opt/ThinkPHP/Lib/Core/ThinkException.class.php 第 64 行.
NOTIC: [8] Undefined index: class /opt/ThinkPHP/Lib/Core/ThinkException.class.php 第 63 行.
NOTIC: [8] Undefined index: type /opt/ThinkPHP/Lib/Core/ThinkException.class.php 第 63 行.
NOTIC: [8] Undefined index: class /opt/ThinkPHP/Lib/Core/ThinkException.class.php 第 63 行.
NOTIC: [8] Undefined index: type /opt/ThinkPHP/Lib/Core/ThinkException.class.php 第 63 行.

[ 2014-06-10T01:22:45+08:00 ] 192.168.56.1 /Divboot/
INFO: [ route_check ] --START--
INFO: Run CheckRoute Behavior [ RunTime:0.000597s ]
INFO: [ route_check ] --END-- [ RunTime:0.000685s ]
NOTIC: [2] ob_start(): function 'ob_gzhandler' not found or invalid function name /opt/ThinkPHP/Lib/Core/App.class.php 第 49 行.
NOTIC: [8] ob_start(): failed to create buffer /opt/ThinkPHP/Lib/Core/App.class.php 第 49 行.
INFO: [ app_begin ] --START--
INFO: Run ReadHtmlCache Behavior [ RunTime:0.001267s ]
INFO: [ app_begin ] --END-- [ RunTime:0.001392s ]
SQL: DESCRIBE test [ RunTime:0.000644s ]
SQL: SELECT * FROM `test` WHERE ( id=12 ) LIMIT 1   [ RunTime:0.000554s ]
INFO: [ view_template ] --START--
INFO: Run LocationTemplate Behavior [ RunTime:0.000330s ]
INFO: [ view_template ] --END-- [ RunTime:0.000387s ]
INFO: [ view_parse ] --START--
INFO: Run ParseTemplate Behavior [ RunTime:0.043283s ]
INFO: [ view_parse ] --END-- [ RunTime:0.043427s ]
INFO: [ view_filter ] --START--
INFO: Run ContentReplace Behavior [ RunTime:0.001581s ]
INFO: Run TokenBuild Behavior [ RunTime:0.000464s ]
INFO: Run WriteHtmlCache Behavior [ RunTime:0.000217s ]
INFO: Run ShowRuntime Behavior [ RunTime:0.000433s ]
INFO: [ view_filter ] --END-- [ RunTime:0.002955s ]
INFO: [ view_end ] --START--
INFO: Run ShowPageTrace Behavior [ RunTime:0.001377s ]
INFO: [ view_end ] --END-- [ RunTime:0.004861s ]

[ 2014-06-10T01:22:45+08:00 ] ERR: (ThinkException) 非法操作:Bootstrap%e5%8f%af%e8%a7%86%e5%8c%96%e5%b8%83%e5%b1%80%e7%b3%bb%e7%bb%9f_files
[ 2014-06-10T01:22:45+08:00 ] 192.168.56.1 /Divboot/Bootstrap%E5%8F%AF%E8%A7%86%E5%8C%96%E5%B8%83%E5%B1%80%E7%B3%BB%E7%BB%9F_files/a_002.jpg
INFO: [ route_check ] --START--
INFO: Run CheckRoute Behavior [ RunTime:0.000666s ]
INFO: [ route_check ] --END-- [ RunTime:0.000777s ]
NOTIC: [2] ob_start(): function 'ob_gzhandler' not found or invalid function name /opt/ThinkPHP/Lib/Core/App.class.php 第 49 行.
NOTIC: [8] ob_start(): failed to create buffer /opt/ThinkPHP/Lib/Core/App.class.php 第 49 行.
INFO: [ app_begin ] --START--
INFO: Run ReadHtmlCache Behavior [ RunTime:0.000432s ]
INFO: [ app_begin ] --END-- [ RunTime:0.000487s ]
NOTIC: [8] Undefined index: class /opt/ThinkPHP/Lib/Core/ThinkException.class.php 第 63 行.
NOTIC: [8] Undefined index: type /opt/ThinkPHP/Lib/Core/ThinkException.class.php 第 63 行.
NOTIC: [8] Undefined index: file /opt/ThinkPHP/Lib/Core/ThinkException.class.php 第 62 行.
NOTIC: [8] Undefined index: line /opt/ThinkPHP/Lib/Core/ThinkException.class.php 第 62 行.
NOTIC: [4096] Object of class DivbootAction could not be converted to string /opt/ThinkPHP/Lib/Core/ThinkException.class.php 第 64 行.
NOTIC: [8] Array to string conversion /opt/ThinkPHP/Lib/Core/ThinkException.class.php 第 64 行.
NOTIC: [8] Undefined index: class /opt/ThinkPHP/Lib/Core/ThinkException.class.php 第 63 行.
NOTIC: [8] Undefined index: type /opt/ThinkPHP/Lib/Core/ThinkException.class.php 第 63 行.
NOTIC: [8] Undefined index: class /opt/ThinkPHP/Lib/Core/ThinkException.class.php 第 63 行.
NOTIC: [8] Undefined index: type /opt/ThinkPHP/Lib/Core/ThinkException.class.php 第 63 行.

[ 2014-06-10T01:22:46+08:00 ] ERR: (ThinkException) 无法加载模块:images
[ 2014-06-10T01:22:46+08:00 ] ERR: (ThinkException) 非法操作:css
[ 2014-06-10T01:22:46+08:00 ] 192.168.56.1 /Divboot/css/bootstrap-combined.min.css
INFO: [ route_check ] --START--
INFO: Run CheckRoute Behavior [ RunTime:0.000663s ]
INFO: [ route_check ] --END-- [ RunTime:0.000775s ]
NOTIC: [2] ob_start(): function 'ob_gzhandler' not found or invalid function name /opt/ThinkPHP/Lib/Core/App.class.php 第 49 行.
NOTIC: [8] ob_start(): failed to create buffer /opt/ThinkPHP/Lib/Core/App.class.php 第 49 行.
INFO: [ app_begin ] --START--
INFO: Run ReadHtmlCache Behavior [ RunTime:0.000435s ]
INFO: [ app_begin ] --END-- [ RunTime:0.000488s ]
NOTIC: [8] Undefined index: class /opt/ThinkPHP/Lib/Core/ThinkException.class.php 第 63 行.
NOTIC: [8] Undefined index: type /opt/ThinkPHP/Lib/Core/ThinkException.class.php 第 63 行.
NOTIC: [8] Undefined index: file /opt/ThinkPHP/Lib/Core/ThinkException.class.php 第 62 行.
NOTIC: [8] Undefined index: line /opt/ThinkPHP/Lib/Core/ThinkException.class.php 第 62 行.
NOTIC: [4096] Object of class DivbootAction could not be converted to string /opt/ThinkPHP/Lib/Core/ThinkException.class.php 第 64 行.
NOTIC: [8] Array to string conversion /opt/ThinkPHP/Lib/Core/ThinkException.class.php 第 64 行.
NOTIC: [8] Undefined index: class /opt/ThinkPHP/Lib/Core/ThinkException.class.php 第 63 行.
NOTIC: [8] Undefined index: type /opt/ThinkPHP/Lib/Core/ThinkException.class.php 第 63 行.
NOTIC: [8] Undefined index: class /opt/ThinkPHP/Lib/Core/ThinkException.class.php 第 63 行.
NOTIC: [8] Undefined index: type /opt/ThinkPHP/Lib/Core/ThinkException.class.php 第 63 行.

[ 2014-06-10T01:23:12+08:00 ] 192.168.56.1 /Divboot/savehtml
INFO: [ route_check ] --START--
INFO: Run CheckRoute Behavior [ RunTime:0.000610s ]
INFO: [ route_check ] --END-- [ RunTime:0.000699s ]
NOTIC: [2] ob_start(): function 'ob_gzhandler' not found or invalid function name /opt/ThinkPHP/Lib/Core/App.class.php 第 49 行.
NOTIC: [8] ob_start(): failed to create buffer /opt/ThinkPHP/Lib/Core/App.class.php 第 49 行.
INFO: [ app_begin ] --START--
INFO: Run ReadHtmlCache Behavior [ RunTime:0.000433s ]
INFO: [ app_begin ] --END-- [ RunTime:0.000486s ]
SQL: DESCRIBE test [ RunTime:0.003557s ]
SQL: UPDATE `test` SET `html`='
			    	
                &lt;div class=&quot;container-fluid&quot;&gt;
				
			    	
                &lt;div class=&quot;container-fluid&quot;&gt;
								&lt;/div&gt;

		&lt;div class=&quot;lyrow ui-draggable&quot; style=&quot;display: block; &quot;&gt; &lt;a href=&quot;#close&quot; class=&quot;remove label label-important&quot;&gt;&lt;i class=&quot;icon-remove icon-white&quot;&gt;&lt;/i&gt;删除&lt;/a&gt; &lt;span class=&quot;drag label&quot;&gt;&lt;i class=&quot;icon-move&quot;&gt;&lt;/i&gt;拖动&lt;/span&gt;
              &lt;div class=&quot;preview&quot;&gt;
                &lt;input value=&quot;6 6&quot; type=&quot;text&quot;&gt;
              &lt;/div&gt;
              &lt;div class=&quot;view&quot;&gt;
                &lt;div class=&quot;row-fluid clearfix&quot;&gt;
                  &lt;div class=&quot;span6 column ui-sortable&quot;&gt;&lt;div class=&quot;box box-element ui-draggable&quot; style=&quot;display: block; &quot;&gt; &lt;a href=&quot;#close&quot; class=&quot;remove label label-important&quot;&gt;&lt;i class=&quot;icon-remove icon-white&quot;&gt;&lt;/i&gt;删除&lt;/a&gt; &lt;span class=&quot;drag label&quot;&gt;&lt;i class=&quot;icon-move&quot;&gt;&lt;/i&gt;拖动&lt;/span&gt;
              &lt;span class=&quot;configuration&quot;&gt;&lt;button type=&quot;button&quot; class=&quot;btn btn-mini&quot; data-target=&quot;#editorModal&quot; role=&quot;button&quot; data-toggle=&quot;modal&quot;&gt;编辑&lt;/button&gt;&lt;/span&gt;
              &lt;div class=&quot;preview&quot;&gt;院校简介&lt;/div&gt;
              &lt;div class=&quot;view&quot;&gt;
                &lt;h2 contenteditable=&quot;true&quot;&gt;北京101中学&lt;/h2&gt;
                &lt;p contenteditable=&quot;true&quot;&gt;位于北京海淀区，是一所重点中学.&lt;/p&gt;
                
              &lt;/div&gt;
            &lt;/div&gt;&lt;/div&gt;
                  &lt;div class=&quot;span6 column ui-sortable&quot;&gt;&lt;/div&gt;
                &lt;/div&gt;
              &lt;/div&gt;
            &lt;/div&gt;				&lt;/div&gt;

		' WHERE ( id=12 ) [ RunTime:0.000638s ]
INFO: [ view_template ] --START--
INFO: Run LocationTemplate Behavior [ RunTime:0.001137s ]
INFO: [ view_template ] --END-- [ RunTime:0.001300s ]
INFO: [ view_parse ] --START--
NOTIC: [8] Undefined variable: test /opt/webroot/Runtime/Cache/c5b3d09bad9e1457859349cee4aa5d8b.php 第 796 行.
INFO: Run ParseTemplate Behavior [ RunTime:0.040166s ]
INFO: [ view_parse ] --END-- [ RunTime:0.040359s ]
INFO: [ view_filter ] --START--
INFO: Run ContentReplace Behavior [ RunTime:0.000826s ]
INFO: Run TokenBuild Behavior [ RunTime:0.000435s ]
INFO: Run WriteHtmlCache Behavior [ RunTime:0.000224s ]
INFO: Run ShowRuntime Behavior [ RunTime:0.000412s ]
INFO: [ view_filter ] --END-- [ RunTime:0.002124s ]
INFO: [ view_end ] --START--
INFO: Run ShowPageTrace Behavior [ RunTime:0.000513s ]
INFO: [ view_end ] --END-- [ RunTime:0.001225s ]

[ 2014-06-10T01:23:18+08:00 ] 192.168.56.1 /Divboot/
INFO: [ route_check ] --START--
INFO: Run CheckRoute Behavior [ RunTime:0.001010s ]
INFO: [ route_check ] --END-- [ RunTime:0.001105s ]
NOTIC: [2] ob_start(): function 'ob_gzhandler' not found or invalid function name /opt/ThinkPHP/Lib/Core/App.class.php 第 49 行.
NOTIC: [8] ob_start(): failed to create buffer /opt/ThinkPHP/Lib/Core/App.class.php 第 49 行.
INFO: [ app_begin ] --START--
INFO: Run ReadHtmlCache Behavior [ RunTime:0.000444s ]
INFO: [ app_begin ] --END-- [ RunTime:0.000498s ]
SQL: DESCRIBE test [ RunTime:0.000673s ]
SQL: SELECT * FROM `test` WHERE ( id=12 ) LIMIT 1   [ RunTime:0.002102s ]
INFO: [ view_template ] --START--
INFO: Run LocationTemplate Behavior [ RunTime:0.000426s ]
INFO: [ view_template ] --END-- [ RunTime:0.000490s ]
INFO: [ view_parse ] --START--
INFO: Run ParseTemplate Behavior [ RunTime:0.035969s ]
INFO: [ view_parse ] --END-- [ RunTime:0.035984s ]
INFO: [ view_filter ] --START--
INFO: Run ContentReplace Behavior [ RunTime:0.000958s ]
INFO: Run TokenBuild Behavior [ RunTime:0.000431s ]
INFO: Run WriteHtmlCache Behavior [ RunTime:0.000245s ]
INFO: Run ShowRuntime Behavior [ RunTime:0.000492s ]
INFO: [ view_filter ] --END-- [ RunTime:0.002384s ]
INFO: [ view_end ] --START--
INFO: Run ShowPageTrace Behavior [ RunTime:0.000587s ]
INFO: [ view_end ] --END-- [ RunTime:0.000688s ]

[ 2014-06-10T01:23:19+08:00 ] ERR: (ThinkException) 非法操作:Bootstrap%e5%8f%af%e8%a7%86%e5%8c%96%e5%b8%83%e5%b1%80%e7%b3%bb%e7%bb%9f_files
[ 2014-06-10T01:23:19+08:00 ] 192.168.56.1 /Divboot/Bootstrap%E5%8F%AF%E8%A7%86%E5%8C%96%E5%B8%83%E5%B1%80%E7%B3%BB%E7%BB%9F_files/a_002.jpg
INFO: [ route_check ] --START--
INFO: Run CheckRoute Behavior [ RunTime:0.001074s ]
INFO: [ route_check ] --END-- [ RunTime:0.001225s ]
NOTIC: [2] ob_start(): function 'ob_gzhandler' not found or invalid function name /opt/ThinkPHP/Lib/Core/App.class.php 第 49 行.
NOTIC: [8] ob_start(): failed to create buffer /opt/ThinkPHP/Lib/Core/App.class.php 第 49 行.
INFO: [ app_begin ] --START--
INFO: Run ReadHtmlCache Behavior [ RunTime:0.000580s ]
INFO: [ app_begin ] --END-- [ RunTime:0.000745s ]
NOTIC: [8] Undefined index: class /opt/ThinkPHP/Lib/Core/ThinkException.class.php 第 63 行.
NOTIC: [8] Undefined index: type /opt/ThinkPHP/Lib/Core/ThinkException.class.php 第 63 行.
NOTIC: [8] Undefined index: file /opt/ThinkPHP/Lib/Core/ThinkException.class.php 第 62 行.
NOTIC: [8] Undefined index: line /opt/ThinkPHP/Lib/Core/ThinkException.class.php 第 62 行.
NOTIC: [4096] Object of class DivbootAction could not be converted to string /opt/ThinkPHP/Lib/Core/ThinkException.class.php 第 64 行.
NOTIC: [8] Array to string conversion /opt/ThinkPHP/Lib/Core/ThinkException.class.php 第 64 行.
NOTIC: [8] Undefined index: class /opt/ThinkPHP/Lib/Core/ThinkException.class.php 第 63 行.
NOTIC: [8] Undefined index: type /opt/ThinkPHP/Lib/Core/ThinkException.class.php 第 63 行.
NOTIC: [8] Undefined index: class /opt/ThinkPHP/Lib/Core/ThinkException.class.php 第 63 行.
NOTIC: [8] Undefined index: type /opt/ThinkPHP/Lib/Core/ThinkException.class.php 第 63 行.

[ 2014-06-10T01:23:19+08:00 ] ERR: (ThinkException) 无法加载模块:images
[ 2014-06-10T01:23:19+08:00 ] ERR: (ThinkException) 非法操作:css
[ 2014-06-10T01:23:19+08:00 ] 192.168.56.1 /Divboot/css/bootstrap-combined.min.css
INFO: [ route_check ] --START--
INFO: Run CheckRoute Behavior [ RunTime:0.000974s ]
INFO: [ route_check ] --END-- [ RunTime:0.001286s ]
NOTIC: [2] ob_start(): function 'ob_gzhandler' not found or invalid function name /opt/ThinkPHP/Lib/Core/App.class.php 第 49 行.
NOTIC: [8] ob_start(): failed to create buffer /opt/ThinkPHP/Lib/Core/App.class.php 第 49 行.
INFO: [ app_begin ] --START--
INFO: Run ReadHtmlCache Behavior [ RunTime:0.000725s ]
INFO: [ app_begin ] --END-- [ RunTime:0.000885s ]
NOTIC: [8] Undefined index: class /opt/ThinkPHP/Lib/Core/ThinkException.class.php 第 63 行.
NOTIC: [8] Undefined index: type /opt/ThinkPHP/Lib/Core/ThinkException.class.php 第 63 行.
NOTIC: [8] Undefined index: file /opt/ThinkPHP/Lib/Core/ThinkException.class.php 第 62 行.
NOTIC: [8] Undefined index: line /opt/ThinkPHP/Lib/Core/ThinkException.class.php 第 62 行.
NOTIC: [4096] Object of class DivbootAction could not be converted to string /opt/ThinkPHP/Lib/Core/ThinkException.class.php 第 64 行.
NOTIC: [8] Array to string conversion /opt/ThinkPHP/Lib/Core/ThinkException.class.php 第 64 行.
NOTIC: [8] Undefined index: class /opt/ThinkPHP/Lib/Core/ThinkException.class.php 第 63 行.
NOTIC: [8] Undefined index: type /opt/ThinkPHP/Lib/Core/ThinkException.class.php 第 63 行.
NOTIC: [8] Undefined index: class /opt/ThinkPHP/Lib/Core/ThinkException.class.php 第 63 行.
NOTIC: [8] Undefined index: type /opt/ThinkPHP/Lib/Core/ThinkException.class.php 第 63 行.

